<?xml version="1.0" encoding="UTF-8"?>
<testng-results ignored="0" total="2" passed="2" failed="0" skipped="0">
  <reporter-output>
  </reporter-output>
  <suite started-at="2021-11-03T22:30:34 SAST" name="Suite" finished-at="2021-11-03T22:31:52 SAST" duration-ms="77811">
    <groups>
    </groups>
    <test started-at="2021-11-03T22:30:34 SAST" name="TestonChrome" finished-at="2021-11-03T22:31:47 SAST" duration-ms="72612">
      <class name="test.UltimateQATests">
        <test-method is-config="true" signature="setUpTest(java.lang.String)[pri:0, instance:test.UltimateQATests@25fb8912]" started-at="2021-11-03T22:30:34 SAST" name="setUpTest" finished-at="2021-11-03T22:30:44 SAST" duration-ms="9850" status="PASS">
          <params>
            <param index="0">
              <value>
                <![CDATA[chrome]]>
              </value>
            </param>
          </params>
          <reporter-output>
          </reporter-output>
        </test-method> <!-- setUpTest -->
        <test-method signature="launchBrowser()[pri:0, instance:test.UltimateQATests@25fb8912]" started-at="2021-11-03T22:30:44 SAST" name="launchBrowser" finished-at="2021-11-03T22:31:46 SAST" duration-ms="61718" status="PASS">
          <reporter-output>
          </reporter-output>
        </test-method> <!-- launchBrowser -->
        <test-method is-config="true" signature="tearDownTest()[pri:0, instance:test.UltimateQATests@25fb8912]" started-at="2021-11-03T22:31:46 SAST" name="tearDownTest" finished-at="2021-11-03T22:31:47 SAST" duration-ms="978" status="PASS">
          <reporter-output>
          </reporter-output>
        </test-method> <!-- tearDownTest -->
      </class> <!-- test.UltimateQATests -->
    </test> <!-- TestonChrome -->
    <test started-at="2021-11-03T22:30:34 SAST" name="TestonFirefox" finished-at="2021-11-03T22:31:52 SAST" duration-ms="77811">
      <class name="test.UltimateQATests">
        <test-method is-config="true" signature="setUpTest(java.lang.String)[pri:0, instance:test.UltimateQATests@26e356f0]" started-at="2021-11-03T22:30:34 SAST" name="setUpTest" finished-at="2021-11-03T22:30:46 SAST" duration-ms="11560" status="PASS">
          <params>
            <param index="0">
              <value>
                <![CDATA[firefox]]>
              </value>
            </param>
          </params>
          <reporter-output>
          </reporter-output>
        </test-method> <!-- setUpTest -->
        <test-method signature="launchBrowser()[pri:0, instance:test.UltimateQATests@26e356f0]" started-at="2021-11-03T22:30:46 SAST" name="launchBrowser" finished-at="2021-11-03T22:31:50 SAST" duration-ms="64269" status="PASS">
          <reporter-output>
          </reporter-output>
        </test-method> <!-- launchBrowser -->
        <test-method is-config="true" signature="tearDownTest()[pri:0, instance:test.UltimateQATests@26e356f0]" started-at="2021-11-03T22:31:50 SAST" name="tearDownTest" finished-at="2021-11-03T22:31:52 SAST" duration-ms="1972" status="PASS">
          <reporter-output>
          </reporter-output>
        </test-method> <!-- tearDownTest -->
      </class> <!-- test.UltimateQATests -->
    </test> <!-- TestonFirefox -->
  </suite> <!-- Suite -->
</testng-results>
